<?xml version="1.0" encoding="utf-8" standalone="no"?>
<!--This file represents the results of running a test suite-->
<test-results name="C:\Users\Aaron\Documents\GitHub\mathematics\Mathematics VB Unit Tests\bin\Debug\Mathematics Unit Tests.dll" total="1" errors="1" failures="0" not-run="0" inconclusive="0" ignored="0" skipped="0" invalid="0" date="2014-05-10" time="17:13:41">
  <environment nunit-version="2.6.3.13283" clr-version="2.0.50727.8000" os-version="Microsoft Windows NT 6.2.9200.0" platform="Win32NT" cwd="C:\Program Files (x86)\NUnit 2.6.3\bin" machine-name="AAMCT-LAPTOP" user="Aaron" user-domain="aamct-laptop" />
  <culture-info current-culture="en-US" current-uiculture="en-US" />
  <test-suite type="Assembly" name="C:\Users\Aaron\Documents\GitHub\mathematics\Mathematics VB Unit Tests\bin\Debug\Mathematics Unit Tests.dll" executed="False" result="Cancelled">
    <results>
      <test-suite type="Namespace" name="Mathematics_Unit_Tests" executed="False" result="Cancelled">
        <results>
          <test-suite type="Namespace" name="Algebra" executed="False" result="Cancelled">
            <results>
              <test-suite type="Namespace" name="FiniteStructures" executed="False" result="Cancelled">
                <results>
                  <test-suite type="TestFixture" name="modAlgebraFiniteExamples_Tests" executed="False" result="Cancelled">
                    <results>
                      <test-case name="Mathematics_Unit_Tests.Algebra.FiniteStructures.modAlgebraFiniteExamples_Tests.Janko1Group" executed="False" result="Cancelled">
                        <failure>
                          <message><![CDATA[Test cancelled by user]]></message>
                          <stack-trace><![CDATA[at System.RuntimeMethodHandle.InvokeMethod(Object target, Object[] arguments, Signature sig, Boolean constructor)
at System.Reflection.RuntimeMethodInfo.UnsafeInvokeInternal(Object obj, Object[] parameters, Object[] arguments)
at System.Reflection.RuntimeMethodInfo.Invoke(Object obj, BindingFlags invokeAttr, Binder binder, Object[] parameters, CultureInfo culture)
at NUnit.Core.Reflect.InvokeMethod(MethodInfo method, Object fixture, Object[] args)
at NUnit.Core.TestMethod.RunTestMethod()
at NUnit.Core.TestMethod.RunTestCase(TestResult testResult)
]]></stack-trace>
                        </failure>
                      </test-case>
                    </results>
                  </test-suite>
                </results>
              </test-suite>
            </results>
          </test-suite>
        </results>
      </test-suite>
    </results>
  </test-suite>
</test-results>